c:\users\filip.sigrand\documents\projects\networkingwithemil\fgnetworkinggameemil-main\build\server\vc142.pdb
c:\users\filip.sigrand\documents\projects\networkingwithemil\fgnetworkinggameemil-main\build\server\vc142.idb
c:\users\filip.sigrand\documents\projects\networkingwithemil\fgnetworkinggameemil-main\build\server\servermain.obj
c:\users\filip.sigrand\documents\projects\networkingwithemil\fgnetworkinggameemil-main\build\server\server.obj
c:\users\filip.sigrand\documents\projects\networkingwithemil\fgnetworkinggameemil-main\build\server\projectile.obj
c:\users\filip.sigrand\documents\projects\networkingwithemil\fgnetworkinggameemil-main\build\server\player.obj
c:\users\filip.sigrand\documents\projects\networkingwithemil\fgnetworkinggameemil-main\build\server\network.obj
c:\users\filip.sigrand\documents\projects\networkingwithemil\fgnetworkinggameemil-main\build\server\engine.obj
c:\users\filip.sigrand\documents\projects\networkingwithemil\fgnetworkinggameemil-main\build\server\clientmain.obj
c:\users\filip.sigrand\documents\projects\networkingwithemil\fgnetworkinggameemil-main\build\server\client.obj
c:\users\filip.sigrand\documents\projects\networkingwithemil\fgnetworkinggameemil-main\build\server\binarystream.obj
c:\users\filip.sigrand\documents\projects\networkingwithemil\fgnetworkinggameemil-main\build\server\pickup.obj
c:\users\filip.sigrand\documents\projects\networkingwithemil\fgnetworkinggameemil-main\bin\game_server.exe
c:\users\filip.sigrand\documents\projects\networkingwithemil\fgnetworkinggameemil-main\bin\game_server.ilk
c:\users\filip.sigrand\documents\projects\networkingwithemil\fgnetworkinggameemil-main\bin\game_server.pdb
c:\users\filip.sigrand\documents\projects\networkingwithemil\fgnetworkinggameemil-main\build\server\tinyengine.tlog\cl.command.1.tlog
c:\users\filip.sigrand\documents\projects\networkingwithemil\fgnetworkinggameemil-main\build\server\tinyengine.tlog\cl.read.1.tlog
c:\users\filip.sigrand\documents\projects\networkingwithemil\fgnetworkinggameemil-main\build\server\tinyengine.tlog\cl.write.1.tlog
c:\users\filip.sigrand\documents\projects\networkingwithemil\fgnetworkinggameemil-main\build\server\tinyengine.tlog\link.command.1.tlog
c:\users\filip.sigrand\documents\projects\networkingwithemil\fgnetworkinggameemil-main\build\server\tinyengine.tlog\link.read.1.tlog
c:\users\filip.sigrand\documents\projects\networkingwithemil\fgnetworkinggameemil-main\build\server\tinyengine.tlog\link.write.1.tlog
